<?xml version="1.0" encoding="UTF-8"?>
<testng-results total="1" passed="1" failed="0" skipped="0">
  <reporter-output>
  </reporter-output>
  <suite started-at="2022-02-27T09:10:13Z" name="Default suite" finished-at="2022-02-27T09:10:14Z" duration-ms="1267">
    <groups>
    </groups>
    <test started-at="2022-02-27T09:10:13Z" name="Default test" finished-at="2022-02-27T09:10:14Z" duration-ms="1267">
      <class name="NotePad2.NewTest">
        <test-method is-config="true" signature="beforeTest()[pri:0, instance:NotePad2.NewTest@19b93fa8]" started-at="2022-02-27T17:10:13Z" name="beforeTest" finished-at="2022-02-27T17:10:13Z" duration-ms="6" status="PASS">
          <reporter-output>
          </reporter-output>
        </test-method> <!-- beforeTest -->
        <test-method signature="f()[pri:0, instance:NotePad2.NewTest@19b93fa8]" started-at="2022-02-27T17:10:13Z" name="f" finished-at="2022-02-27T17:10:14Z" duration-ms="1249" status="PASS">
          <reporter-output>
          </reporter-output>
        </test-method> <!-- f -->
        <test-method is-config="true" signature="afterTest()[pri:0, instance:NotePad2.NewTest@19b93fa8]" started-at="2022-02-27T17:10:14Z" name="afterTest" finished-at="2022-02-27T17:10:14Z" duration-ms="0" status="PASS">
          <reporter-output>
          </reporter-output>
        </test-method> <!-- afterTest -->
      </class> <!-- NotePad2.NewTest -->
    </test> <!-- Default test -->
  </suite> <!-- Default suite -->
</testng-results>
